  AsteroidSim.cpp
c:\users\андрей\source\repos\asteroidsim\asteroidsim\asteroidsim.cpp(20): warning C4244: инициализация: преобразование "double" в "float", возможна потеря данных
c:\users\андрей\source\repos\asteroidsim\asteroidsim\asteroidsim.cpp(20): warning C4244: инициализация: преобразование "double" в "const float", возможна потеря данных
c:\users\андрей\source\repos\asteroidsim\asteroidsim\asteroidsim.cpp(41): warning C4244: аргумент: преобразование "int" в "float", возможна потеря данных
c:\users\андрей\source\repos\asteroidsim\asteroidsim\asteroidsim.cpp(81): warning C4244: аргумент: преобразование "double" в "float", возможна потеря данных
c:\users\андрей\source\repos\asteroidsim\asteroidsim\asteroidsim.cpp(82): warning C4244: аргумент: преобразование "double" в "float", возможна потеря данных
c:\users\андрей\source\repos\asteroidsim\asteroidsim\asteroidsim.cpp(168): warning C4244: инициализация: преобразование "double" в "float", возможна потеря данных
c:\users\андрей\source\repos\asteroidsim\asteroidsim\asteroidsim.cpp(189): warning C4244: инициализация: преобразование "double" в "float", возможна потеря данных
c:\users\андрей\source\repos\asteroidsim\asteroidsim\asteroidsim.cpp(228): warning C4244: аргумент: преобразование "time_t" в "unsigned int", возможна потеря данных
c:\users\андрей\source\repos\asteroidsim\asteroidsim\asteroidsim.cpp(254): warning C4305: аргумент: усечение из "double" в "float"
c:\users\андрей\source\repos\asteroidsim\asteroidsim\asteroidsim.cpp(257): warning C4305: аргумент: усечение из "double" в "float"
c:\users\андрей\source\repos\asteroidsim\asteroidsim\asteroidsim.cpp(280): warning C4244: аргумент: преобразование "int" в "float", возможна потеря данных
c:\users\андрей\source\repos\asteroidsim\asteroidsim\asteroidsim.cpp(280): warning C4244: аргумент: преобразование "double" в "float", возможна потеря данных
c:\users\андрей\source\repos\asteroidsim\asteroidsim\asteroidsim.cpp(334): warning C4244: аргумент: преобразование "double" в "int", возможна потеря данных
c:\users\андрей\source\repos\asteroidsim\asteroidsim\asteroidsim.cpp(345): warning C4244: аргумент: преобразование "double" в "float", возможна потеря данных
c:\users\андрей\source\repos\asteroidsim\asteroidsim\asteroidsim.cpp(346): warning C4244: аргумент: преобразование "double" в "float", возможна потеря данных
c:\users\андрей\source\repos\asteroidsim\asteroidsim\asteroidsim.cpp(346): warning C4244: аргумент: преобразование "double" в "int", возможна потеря данных
  Создание кода
  4 of 347 functions ( 1.2%) were compiled, the rest were copied from previous compilation.
    0 functions were new in current compilation
    0 functions had inline decision re-evaluated but remain unchanged
  Создание кода завершено
  AsteroidSim.vcxproj -> C:\Users\Андрей\source\repos\AsteroidSim\Release\AsteroidSim.exe
